mode: set
gophkeeper/client/internal/config/config.go:13.13,15.2 1 1
gophkeeper/client/internal/config/config.go:21.32,24.16 3 1
gophkeeper/client/internal/config/config.go:28.2,29.25 2 1
gophkeeper/client/internal/config/config.go:33.2,33.26 1 1
gophkeeper/client/internal/config/config.go:24.16,26.3 1 0
gophkeeper/client/internal/config/config.go:29.25,31.3 1 1
gophkeeper/client/internal/requests/user_delete.go:11.54,12.19 1 1
gophkeeper/client/internal/requests/user_delete.go:16.2,21.16 5 1
gophkeeper/client/internal/requests/user_delete.go:25.2,26.40 2 1
gophkeeper/client/internal/requests/user_delete.go:12.19,14.3 1 1
gophkeeper/client/internal/requests/user_delete.go:21.16,23.3 1 1
gophkeeper/client/internal/requests/binary_data_delete.go:11.90,12.19 1 1
gophkeeper/client/internal/requests/binary_data_delete.go:16.2,20.16 4 1
gophkeeper/client/internal/requests/binary_data_delete.go:23.2,23.31 1 1
gophkeeper/client/internal/requests/binary_data_delete.go:12.19,14.3 1 1
gophkeeper/client/internal/requests/binary_data_delete.go:20.16,22.3 1 1
gophkeeper/client/internal/requests/binary_data_get.go:9.60,10.19 1 1
gophkeeper/client/internal/requests/binary_data_get.go:14.2,15.44 2 0
gophkeeper/client/internal/requests/binary_data_get.go:26.2,26.20 1 0
gophkeeper/client/internal/requests/binary_data_get.go:10.19,12.3 1 1
gophkeeper/client/internal/requests/binary_data_get.go:15.44,24.3 2 0
gophkeeper/client/internal/requests/credentials_delete.go:11.92,12.19 1 1
gophkeeper/client/internal/requests/credentials_delete.go:16.2,20.16 4 1
gophkeeper/client/internal/requests/credentials_delete.go:23.2,23.31 1 1
gophkeeper/client/internal/requests/credentials_delete.go:12.19,14.3 1 1
gophkeeper/client/internal/requests/credentials_delete.go:20.16,22.3 1 1
gophkeeper/client/internal/requests/credentials_update.go:11.92,12.19 1 1
gophkeeper/client/internal/requests/credentials_update.go:16.2,23.16 6 1
gophkeeper/client/internal/requests/credentials_update.go:26.2,26.31 1 1
gophkeeper/client/internal/requests/credentials_update.go:12.19,14.3 1 1
gophkeeper/client/internal/requests/credentials_update.go:23.16,25.3 1 1
gophkeeper/client/internal/requests/user_auth.go:10.66,11.19 1 1
gophkeeper/client/internal/requests/user_auth.go:14.2,15.16 2 1
gophkeeper/client/internal/requests/user_auth.go:19.2,21.53 3 1
gophkeeper/client/internal/requests/user_auth.go:11.19,13.3 1 1
gophkeeper/client/internal/requests/user_auth.go:15.16,17.3 1 1
gophkeeper/client/internal/requests/user_logout.go:3.50,4.19 1 1
gophkeeper/client/internal/requests/user_logout.go:7.2,8.25 2 1
gophkeeper/client/internal/requests/user_logout.go:4.19,6.3 1 1
gophkeeper/client/internal/requests/user_register.go:10.74,12.16 2 1
gophkeeper/client/internal/requests/user_register.go:16.2,18.57 3 1
gophkeeper/client/internal/requests/user_register.go:12.16,14.3 1 1
gophkeeper/client/internal/requests/bank_card_get.go:9.56,10.19 1 1
gophkeeper/client/internal/requests/bank_card_get.go:14.2,15.42 2 0
gophkeeper/client/internal/requests/bank_card_get.go:46.2,46.20 1 0
gophkeeper/client/internal/requests/bank_card_get.go:10.19,12.3 1 1
gophkeeper/client/internal/requests/bank_card_get.go:15.42,17.17 2 0
gophkeeper/client/internal/requests/bank_card_get.go:20.3,21.17 2 0
gophkeeper/client/internal/requests/bank_card_get.go:24.3,25.17 2 0
gophkeeper/client/internal/requests/bank_card_get.go:28.3,29.17 2 0
gophkeeper/client/internal/requests/bank_card_get.go:33.3,43.35 2 0
gophkeeper/client/internal/requests/bank_card_get.go:17.17,19.4 1 0
gophkeeper/client/internal/requests/bank_card_get.go:21.17,23.4 1 0
gophkeeper/client/internal/requests/bank_card_get.go:25.17,27.4 1 0
gophkeeper/client/internal/requests/bank_card_get.go:29.17,31.4 1 0
gophkeeper/client/internal/requests/credentials_create.go:11.92,12.19 1 1
gophkeeper/client/internal/requests/credentials_create.go:16.2,23.16 6 1
gophkeeper/client/internal/requests/credentials_create.go:26.2,26.31 1 1
gophkeeper/client/internal/requests/credentials_create.go:12.19,14.3 1 1
gophkeeper/client/internal/requests/credentials_create.go:23.16,25.3 1 1
gophkeeper/client/internal/requests/credentials_get.go:9.62,10.19 1 1
gophkeeper/client/internal/requests/credentials_get.go:14.2,15.45 2 0
gophkeeper/client/internal/requests/credentials_get.go:36.2,36.20 1 0
gophkeeper/client/internal/requests/credentials_get.go:10.19,12.3 1 1
gophkeeper/client/internal/requests/credentials_get.go:15.45,17.17 2 0
gophkeeper/client/internal/requests/credentials_get.go:20.3,21.17 2 0
gophkeeper/client/internal/requests/credentials_get.go:25.3,33.35 2 0
gophkeeper/client/internal/requests/credentials_get.go:17.17,19.4 1 0
gophkeeper/client/internal/requests/credentials_get.go:21.17,23.4 1 0
gophkeeper/client/internal/requests/text_update.go:11.78,12.19 1 1
gophkeeper/client/internal/requests/text_update.go:16.2,20.16 4 1
gophkeeper/client/internal/requests/text_update.go:23.2,23.31 1 1
gophkeeper/client/internal/requests/text_update.go:12.19,14.3 1 1
gophkeeper/client/internal/requests/text_update.go:20.16,22.3 1 1
gophkeeper/client/internal/requests/text_create.go:11.78,12.19 1 1
gophkeeper/client/internal/requests/text_create.go:16.2,20.16 4 1
gophkeeper/client/internal/requests/text_create.go:23.2,23.31 1 1
gophkeeper/client/internal/requests/text_create.go:12.19,14.3 1 1
gophkeeper/client/internal/requests/text_create.go:20.16,22.3 1 1
gophkeeper/client/internal/requests/text_get.go:9.48,10.19 1 1
gophkeeper/client/internal/requests/text_get.go:14.2,15.38 2 0
gophkeeper/client/internal/requests/text_get.go:26.2,26.20 1 0
gophkeeper/client/internal/requests/text_get.go:10.19,12.3 1 1
gophkeeper/client/internal/requests/text_get.go:15.38,24.3 2 0
gophkeeper/client/internal/requests/base_tests.go:19.73,29.2 7 1
gophkeeper/client/internal/requests/base_tests.go:31.76,43.2 8 1
gophkeeper/client/internal/requests/base_tests.go:45.27,48.2 2 1
gophkeeper/client/internal/requests/binary_data_create.go:11.90,12.19 1 1
gophkeeper/client/internal/requests/binary_data_create.go:16.2,20.16 4 1
gophkeeper/client/internal/requests/binary_data_create.go:23.2,23.31 1 1
gophkeeper/client/internal/requests/binary_data_create.go:12.19,14.3 1 1
gophkeeper/client/internal/requests/binary_data_create.go:20.16,22.3 1 1
gophkeeper/client/internal/requests/binary_data_update.go:11.90,12.19 1 1
gophkeeper/client/internal/requests/binary_data_update.go:16.2,20.16 4 1
gophkeeper/client/internal/requests/binary_data_update.go:23.2,23.31 1 1
gophkeeper/client/internal/requests/binary_data_update.go:12.19,14.3 1 1
gophkeeper/client/internal/requests/binary_data_update.go:20.16,22.3 1 1
gophkeeper/client/internal/requests/text_delete.go:11.78,12.19 1 1
gophkeeper/client/internal/requests/text_delete.go:16.2,20.16 4 1
gophkeeper/client/internal/requests/text_delete.go:23.2,23.31 1 1
gophkeeper/client/internal/requests/text_delete.go:12.19,14.3 1 1
gophkeeper/client/internal/requests/text_delete.go:20.16,22.3 1 1
gophkeeper/client/internal/requests/bank_card_create.go:11.86,12.19 1 1
gophkeeper/client/internal/requests/bank_card_create.go:16.2,25.16 8 1
gophkeeper/client/internal/requests/bank_card_create.go:28.2,28.31 1 1
gophkeeper/client/internal/requests/bank_card_create.go:12.19,14.3 1 1
gophkeeper/client/internal/requests/bank_card_create.go:25.16,27.3 1 1
gophkeeper/client/internal/requests/bank_card_delete.go:11.86,12.19 1 1
gophkeeper/client/internal/requests/bank_card_delete.go:16.2,20.16 4 1
gophkeeper/client/internal/requests/bank_card_delete.go:23.2,23.31 1 1
gophkeeper/client/internal/requests/bank_card_delete.go:12.19,14.3 1 1
gophkeeper/client/internal/requests/bank_card_delete.go:20.16,22.3 1 1
gophkeeper/client/internal/requests/bank_card_update.go:11.86,12.19 1 1
gophkeeper/client/internal/requests/bank_card_update.go:16.2,25.16 8 1
gophkeeper/client/internal/requests/bank_card_update.go:28.2,28.31 1 1
gophkeeper/client/internal/requests/bank_card_update.go:12.19,14.3 1 1
gophkeeper/client/internal/requests/bank_card_update.go:25.16,27.3 1 1
gophkeeper/client/internal/requests/base.go:23.26,28.16 2 1
gophkeeper/client/internal/requests/base.go:32.2,38.3 2 1
gophkeeper/client/internal/requests/base.go:28.16,30.3 1 0
gophkeeper/client/internal/requests/base.go:41.50,44.2 2 1
gophkeeper/client/internal/requests/base.go:46.26,50.2 3 1
gophkeeper/client/internal/requests/user_stream_db.go:13.29,19.16 5 1
gophkeeper/client/internal/requests/user_stream_db.go:23.2,23.6 1 1
gophkeeper/client/internal/requests/user_stream_db.go:19.16,21.3 1 0
gophkeeper/client/internal/requests/user_stream_db.go:23.6,24.10 1 1
gophkeeper/client/internal/requests/user_stream_db.go:25.23,26.10 1 1
gophkeeper/client/internal/requests/user_stream_db.go:27.11,29.18 2 1
gophkeeper/client/internal/requests/user_stream_db.go:29.18,31.5 1 0
gophkeeper/client/internal/requests/user_stream_db.go:31.10,33.5 1 1
gophkeeper/pkg/algorithms/rand.go:5.36,8.24 3 1
gophkeeper/pkg/algorithms/rand.go:12.2,12.23 1 1
gophkeeper/pkg/algorithms/rand.go:8.24,11.3 2 1
gophkeeper/pkg/cert/cert.go:12.42,17.2 2 1
gophkeeper/pkg/cert/cert.go:19.63,27.2 2 1
gophkeeper/pkg/cert/cert.go:29.39,34.16 3 1
gophkeeper/pkg/cert/cert.go:38.2,38.13 1 1
gophkeeper/pkg/cert/cert.go:34.16,36.3 1 0
gophkeeper/pkg/cert/cert.go:41.26,45.2 3 1
gophkeeper/pkg/encryption/gcm.go:19.32,21.18 2 1
gophkeeper/pkg/encryption/gcm.go:24.2,27.16 3 1
gophkeeper/pkg/encryption/gcm.go:31.2,32.16 2 1
gophkeeper/pkg/encryption/gcm.go:36.2,38.3 1 1
gophkeeper/pkg/encryption/gcm.go:21.18,23.3 1 0
gophkeeper/pkg/encryption/gcm.go:27.16,29.3 1 0
gophkeeper/pkg/encryption/gcm.go:32.16,34.3 1 0
gophkeeper/pkg/encryption/gcm.go:41.48,44.2 2 1
gophkeeper/pkg/encryption/gcm.go:46.58,48.16 2 1
gophkeeper/pkg/encryption/gcm.go:51.2,52.16 2 1
gophkeeper/pkg/encryption/gcm.go:55.2,55.31 1 1
gophkeeper/pkg/encryption/gcm.go:48.16,50.3 1 0
gophkeeper/pkg/encryption/gcm.go:52.16,54.3 1 0
gophkeeper/pkg/encryption/gcm.go:58.52,60.32 2 1
gophkeeper/pkg/encryption/gcm.go:64.2,64.25 1 1
gophkeeper/pkg/encryption/gcm.go:60.32,63.3 2 1
gophkeeper/pkg/encryption/gcm.go:67.61,70.28 3 1
gophkeeper/pkg/encryption/gcm.go:77.2,77.23 1 1
gophkeeper/pkg/encryption/gcm.go:70.28,72.17 2 1
gophkeeper/pkg/encryption/gcm.go:75.3,75.44 1 1
gophkeeper/pkg/encryption/gcm.go:72.17,74.4 1 0
gophkeeper/server/internal/config/config.go:22.13,25.2 2 1
gophkeeper/server/internal/config/config.go:32.25,35.16 3 1
gophkeeper/server/internal/config/config.go:39.2,40.25 2 1
gophkeeper/server/internal/config/config.go:43.2,43.28 1 1
gophkeeper/server/internal/config/config.go:47.2,47.12 1 1
gophkeeper/server/internal/config/config.go:35.16,37.3 1 0
gophkeeper/server/internal/config/config.go:40.25,42.3 1 1
gophkeeper/server/internal/config/config.go:43.28,45.3 1 0
gophkeeper/server/internal/config/config.go:51.32,52.30 1 1
gophkeeper/server/internal/config/config.go:55.2,56.27 2 0
gophkeeper/server/internal/config/config.go:52.30,54.3 1 1
gophkeeper/server/internal/config/config.go:60.30,61.28 1 1
gophkeeper/server/internal/config/config.go:64.2,65.25 2 0
gophkeeper/server/internal/config/config.go:61.28,63.3 1 1
gophkeeper/server/internal/storage/binary_data.go:13.9,23.16 3 1
gophkeeper/server/internal/storage/binary_data.go:26.2,27.16 2 1
gophkeeper/server/internal/storage/binary_data.go:30.2,30.17 1 1
gophkeeper/server/internal/storage/binary_data.go:34.2,34.12 1 1
gophkeeper/server/internal/storage/binary_data.go:23.16,25.3 1 0
gophkeeper/server/internal/storage/binary_data.go:27.16,29.3 1 0
gophkeeper/server/internal/storage/binary_data.go:30.17,32.3 1 1
gophkeeper/server/internal/storage/binary_data.go:39.9,49.16 3 1
gophkeeper/server/internal/storage/binary_data.go:52.2,53.16 2 1
gophkeeper/server/internal/storage/binary_data.go:56.2,56.17 1 1
gophkeeper/server/internal/storage/binary_data.go:60.2,60.12 1 1
gophkeeper/server/internal/storage/binary_data.go:49.16,51.3 1 0
gophkeeper/server/internal/storage/binary_data.go:53.16,55.3 1 0
gophkeeper/server/internal/storage/binary_data.go:56.17,58.3 1 1
gophkeeper/server/internal/storage/binary_data.go:65.9,72.16 3 1
gophkeeper/server/internal/storage/binary_data.go:75.2,76.16 2 1
gophkeeper/server/internal/storage/binary_data.go:79.2,79.17 1 1
gophkeeper/server/internal/storage/binary_data.go:83.2,83.12 1 1
gophkeeper/server/internal/storage/binary_data.go:72.16,74.3 1 0
gophkeeper/server/internal/storage/binary_data.go:76.16,78.3 1 0
gophkeeper/server/internal/storage/binary_data.go:79.17,81.3 1 1
gophkeeper/server/internal/storage/credentials.go:13.9,27.16 3 1
gophkeeper/server/internal/storage/credentials.go:30.2,31.16 2 1
gophkeeper/server/internal/storage/credentials.go:34.2,34.17 1 1
gophkeeper/server/internal/storage/credentials.go:38.2,38.12 1 1
gophkeeper/server/internal/storage/credentials.go:27.16,29.3 1 0
gophkeeper/server/internal/storage/credentials.go:31.16,33.3 1 0
gophkeeper/server/internal/storage/credentials.go:34.17,36.3 1 1
gophkeeper/server/internal/storage/credentials.go:43.9,54.16 3 1
gophkeeper/server/internal/storage/credentials.go:57.2,58.16 2 1
gophkeeper/server/internal/storage/credentials.go:61.2,61.17 1 1
gophkeeper/server/internal/storage/credentials.go:65.2,65.12 1 1
gophkeeper/server/internal/storage/credentials.go:54.16,56.3 1 0
gophkeeper/server/internal/storage/credentials.go:58.16,60.3 1 0
gophkeeper/server/internal/storage/credentials.go:61.17,63.3 1 1
gophkeeper/server/internal/storage/credentials.go:70.9,77.16 3 1
gophkeeper/server/internal/storage/credentials.go:80.2,81.16 2 1
gophkeeper/server/internal/storage/credentials.go:84.2,84.17 1 1
gophkeeper/server/internal/storage/credentials.go:88.2,88.12 1 1
gophkeeper/server/internal/storage/credentials.go:77.16,79.3 1 0
gophkeeper/server/internal/storage/credentials.go:81.16,83.3 1 0
gophkeeper/server/internal/storage/credentials.go:84.17,86.3 1 1
gophkeeper/server/internal/storage/user.go:13.19,22.16 4 1
gophkeeper/server/internal/storage/user.go:25.2,26.16 2 1
gophkeeper/server/internal/storage/user.go:29.2,29.17 1 1
gophkeeper/server/internal/storage/user.go:33.2,33.19 1 1
gophkeeper/server/internal/storage/user.go:22.16,24.3 1 0
gophkeeper/server/internal/storage/user.go:26.16,28.3 1 0
gophkeeper/server/internal/storage/user.go:29.17,31.3 1 1
gophkeeper/server/internal/storage/user.go:38.30,44.16 3 1
gophkeeper/server/internal/storage/user.go:47.2,48.16 2 1
gophkeeper/server/internal/storage/user.go:51.2,51.18 1 1
gophkeeper/server/internal/storage/user.go:55.2,55.20 1 1
gophkeeper/server/internal/storage/user.go:44.16,46.3 1 0
gophkeeper/server/internal/storage/user.go:48.16,50.3 1 0
gophkeeper/server/internal/storage/user.go:51.18,53.3 1 1
gophkeeper/server/internal/storage/user.go:60.19,66.16 3 1
gophkeeper/server/internal/storage/user.go:69.2,70.16 2 1
gophkeeper/server/internal/storage/user.go:73.2,73.17 1 1
gophkeeper/server/internal/storage/user.go:77.2,77.19 1 1
gophkeeper/server/internal/storage/user.go:66.16,68.3 1 0
gophkeeper/server/internal/storage/user.go:70.16,72.3 1 0
gophkeeper/server/internal/storage/user.go:73.17,75.3 1 1
gophkeeper/server/internal/storage/user.go:82.9,88.16 3 1
gophkeeper/server/internal/storage/user.go:91.2,92.16 2 1
gophkeeper/server/internal/storage/user.go:95.2,95.17 1 1
gophkeeper/server/internal/storage/user.go:99.2,99.12 1 1
gophkeeper/server/internal/storage/user.go:88.16,90.3 1 0
gophkeeper/server/internal/storage/user.go:92.16,94.3 1 0
gophkeeper/server/internal/storage/user.go:95.17,97.3 1 1
gophkeeper/server/internal/storage/bank_card.go:13.9,32.16 3 1
gophkeeper/server/internal/storage/bank_card.go:35.2,36.16 2 1
gophkeeper/server/internal/storage/bank_card.go:39.2,39.17 1 1
gophkeeper/server/internal/storage/bank_card.go:43.2,43.12 1 1
gophkeeper/server/internal/storage/bank_card.go:32.16,34.3 1 0
gophkeeper/server/internal/storage/bank_card.go:36.16,38.3 1 0
gophkeeper/server/internal/storage/bank_card.go:39.17,41.3 1 1
gophkeeper/server/internal/storage/bank_card.go:48.9,64.16 3 1
gophkeeper/server/internal/storage/bank_card.go:67.2,68.16 2 1
gophkeeper/server/internal/storage/bank_card.go:71.2,71.17 1 1
gophkeeper/server/internal/storage/bank_card.go:75.2,75.12 1 1
gophkeeper/server/internal/storage/bank_card.go:64.16,66.3 1 0
gophkeeper/server/internal/storage/bank_card.go:68.16,70.3 1 0
gophkeeper/server/internal/storage/bank_card.go:71.17,73.3 1 1
gophkeeper/server/internal/storage/bank_card.go:80.9,87.16 3 1
gophkeeper/server/internal/storage/bank_card.go:90.2,91.16 2 1
gophkeeper/server/internal/storage/bank_card.go:94.2,94.17 1 1
gophkeeper/server/internal/storage/bank_card.go:98.2,98.12 1 1
gophkeeper/server/internal/storage/bank_card.go:87.16,89.3 1 0
gophkeeper/server/internal/storage/bank_card.go:91.16,93.3 1 0
gophkeeper/server/internal/storage/bank_card.go:94.17,96.3 1 1
gophkeeper/server/internal/storage/base_tests.go:9.18,12.15 3 1
gophkeeper/server/internal/storage/base_tests.go:12.15,13.72 1 1
gophkeeper/server/internal/storage/base_tests.go:13.72,15.4 1 0
gophkeeper/server/internal/storage/settings.go:29.27,31.16 2 1
gophkeeper/server/internal/storage/settings.go:34.2,36.16 3 1
gophkeeper/server/internal/storage/settings.go:31.16,33.3 1 0
gophkeeper/server/internal/storage/settings.go:36.16,38.3 1 0
gophkeeper/server/internal/storage/settings.go:42.45,44.16 2 1
gophkeeper/server/internal/storage/settings.go:47.2,48.12 2 1
gophkeeper/server/internal/storage/settings.go:44.16,46.3 1 0
gophkeeper/server/internal/storage/settings.go:52.45,54.16 2 0
gophkeeper/server/internal/storage/settings.go:57.2,57.12 1 0
gophkeeper/server/internal/storage/settings.go:54.16,56.3 1 0
gophkeeper/server/internal/storage/settings.go:61.40,63.16 2 0
gophkeeper/server/internal/storage/settings.go:66.2,66.12 1 0
gophkeeper/server/internal/storage/settings.go:63.16,65.3 1 0
gophkeeper/server/internal/storage/settings.go:70.47,71.37 1 1
gophkeeper/server/internal/storage/settings.go:71.37,73.3 1 0
gophkeeper/server/internal/storage/settings.go:76.35,81.2 4 1
gophkeeper/server/internal/storage/settings.go:83.43,84.68 1 1
gophkeeper/server/internal/storage/settings.go:87.2,87.12 1 1
gophkeeper/server/internal/storage/settings.go:84.68,86.3 1 0
gophkeeper/server/internal/storage/settings.go:90.32,95.2 4 1
gophkeeper/server/internal/storage/text.go:13.9,23.16 3 1
gophkeeper/server/internal/storage/text.go:26.2,27.16 2 1
gophkeeper/server/internal/storage/text.go:30.2,30.17 1 1
gophkeeper/server/internal/storage/text.go:34.2,34.12 1 1
gophkeeper/server/internal/storage/text.go:23.16,25.3 1 0
gophkeeper/server/internal/storage/text.go:27.16,29.3 1 0
gophkeeper/server/internal/storage/text.go:30.17,32.3 1 1
gophkeeper/server/internal/storage/text.go:39.9,49.16 3 1
gophkeeper/server/internal/storage/text.go:52.2,53.16 2 1
gophkeeper/server/internal/storage/text.go:56.2,56.17 1 1
gophkeeper/server/internal/storage/text.go:60.2,60.12 1 1
gophkeeper/server/internal/storage/text.go:49.16,51.3 1 0
gophkeeper/server/internal/storage/text.go:53.16,55.3 1 0
gophkeeper/server/internal/storage/text.go:56.17,58.3 1 1
gophkeeper/server/internal/storage/text.go:65.9,72.16 3 1
gophkeeper/server/internal/storage/text.go:75.2,76.16 2 1
gophkeeper/server/internal/storage/text.go:79.2,79.17 1 1
gophkeeper/server/internal/storage/text.go:83.2,83.12 1 1
gophkeeper/server/internal/storage/text.go:72.16,74.3 1 0
gophkeeper/server/internal/storage/text.go:76.16,78.3 1 0
gophkeeper/server/internal/storage/text.go:79.17,81.3 1 1
gophkeeper/server/internal/storage/user_data.go:11.90,14.16 3 1
gophkeeper/server/internal/storage/user_data.go:17.2,18.16 2 1
gophkeeper/server/internal/storage/user_data.go:21.2,22.16 2 1
gophkeeper/server/internal/storage/user_data.go:25.2,26.16 2 1
gophkeeper/server/internal/storage/user_data.go:30.2,30.22 1 1
gophkeeper/server/internal/storage/user_data.go:14.16,16.3 1 0
gophkeeper/server/internal/storage/user_data.go:18.16,20.3 1 0
gophkeeper/server/internal/storage/user_data.go:22.16,24.3 1 0
gophkeeper/server/internal/storage/user_data.go:26.16,28.3 1 0
gophkeeper/server/internal/storage/user_data.go:35.25,47.16 4 1
gophkeeper/server/internal/storage/user_data.go:50.2,52.18 2 1
gophkeeper/server/internal/storage/user_data.go:68.2,68.22 1 1
gophkeeper/server/internal/storage/user_data.go:47.16,49.3 1 0
gophkeeper/server/internal/storage/user_data.go:52.18,57.17 2 1
gophkeeper/server/internal/storage/user_data.go:60.3,65.56 2 1
gophkeeper/server/internal/storage/user_data.go:57.17,59.4 1 0
gophkeeper/server/internal/storage/user_data.go:73.25,84.16 4 1
gophkeeper/server/internal/storage/user_data.go:87.2,89.18 2 1
gophkeeper/server/internal/storage/user_data.go:103.2,103.22 1 1
gophkeeper/server/internal/storage/user_data.go:84.16,86.3 1 0
gophkeeper/server/internal/storage/user_data.go:89.18,93.17 2 1
gophkeeper/server/internal/storage/user_data.go:96.3,100.60 2 1
gophkeeper/server/internal/storage/user_data.go:93.17,95.4 1 0
gophkeeper/server/internal/storage/user_data.go:108.25,118.16 4 1
gophkeeper/server/internal/storage/user_data.go:121.2,123.18 2 1
gophkeeper/server/internal/storage/user_data.go:137.2,137.22 1 1
gophkeeper/server/internal/storage/user_data.go:118.16,120.3 1 0
gophkeeper/server/internal/storage/user_data.go:123.18,127.17 2 1
gophkeeper/server/internal/storage/user_data.go:130.3,134.62 2 1
gophkeeper/server/internal/storage/user_data.go:127.17,129.4 1 0
gophkeeper/server/internal/storage/user_data.go:142.25,152.16 4 1
gophkeeper/server/internal/storage/user_data.go:155.2,157.18 2 1
gophkeeper/server/internal/storage/user_data.go:171.2,171.22 1 1
gophkeeper/server/internal/storage/user_data.go:152.16,154.3 1 0
gophkeeper/server/internal/storage/user_data.go:157.18,161.17 2 1
gophkeeper/server/internal/storage/user_data.go:164.3,168.48 2 1
gophkeeper/server/internal/storage/user_data.go:161.17,163.4 1 0
gophkeeper/server/internal/storage/base.go:12.28,16.2 3 1
gophkeeper/server/internal/storage/base.go:18.79,20.18 2 1
gophkeeper/server/internal/storage/base.go:26.2,27.16 2 1
gophkeeper/server/internal/storage/base.go:31.2,31.20 1 1
gophkeeper/server/internal/storage/base.go:20.18,22.17 2 1
gophkeeper/server/internal/storage/base.go:22.17,24.4 1 0
gophkeeper/server/internal/storage/base.go:27.16,29.3 1 0
gophkeeper/server/internal/storage/base.go:36.22,38.16 2 1
gophkeeper/server/internal/storage/base.go:41.2,42.16 2 1
gophkeeper/server/internal/storage/base.go:46.2,46.18 1 1
gophkeeper/server/internal/storage/base.go:38.16,40.3 1 0
gophkeeper/server/internal/storage/base.go:42.16,44.3 1 0
gophkeeper/server/internal/storage/base.go:49.56,50.17 1 1
gophkeeper/server/internal/storage/base.go:50.17,52.3 1 1
gophkeeper/server/internal/storage/base.go:52.8,54.3 1 0
